Flow expects conditioning cols: LOGM_COLOR LOG_LHA

=== Evaluating on SDSS ===
Catalog: /oak/stanford/groups/cyaolai/AbbyHartley/gfc_NFs/SDSS_main_training_data.fits
N after masks: 149913
Using n_mc = 50
NLL (bits/dim) on true ratios: 0.9218626950247083
Line           RMSE     Bias     Scat      rho      p01      p16      p50      p84      p99    |r|>1
Hbeta         0.142   -0.010    0.081    0.976   -0.322   -0.083   -0.010    0.079    0.432   0.174%
Hgamma        0.233   -0.022    0.142    0.920   -0.477   -0.153   -0.022    0.132    0.856   0.711%
NII6584       0.150    0.008    0.114    0.950   -0.362   -0.116    0.008    0.112    0.377   0.116%
SII671x       0.191   -0.005    0.120    0.927   -0.412   -0.123   -0.005    0.117    0.569   0.350%
SII6731       0.229   -0.004    0.137    0.913   -0.493   -0.144   -0.004    0.130    0.724   0.601%
OII3726       0.297   -0.025    0.234    0.811   -0.601   -0.245   -0.025    0.223    0.963   0.912%
OII3729       0.285   -0.025    0.229    0.812   -0.577   -0.240   -0.025    0.219    0.907   0.784%
OIII5007      0.321    0.017    0.264    0.747   -0.967   -0.249    0.017    0.280    0.738   1.221%

ALL LINES concatenated:
RMSE(dex):    0.23925252238203992
Bias(dex):    -0.007951127655609014
Scatter(dex): 0.16104611353904985
Spearman rho: 0.900910539051761
Residual percentiles p01/p16/p50/p84/p99: -0.555389911911954 -0.1668475460540992 -0.007951127655609014 0.15524468102400052 0.7399542603402725
Frac |resid|>1 dex: 0.00608686371428762

=== Evaluating on DESI ===
Catalog: /oak/stanford/groups/cyaolai/AbbyHartley/gfc_NFs/DESI_BGS_training_data.fits
N after masks: 733630
Using n_mc = 50
NLL (bits/dim) on true ratios: 3.4765326615513583
Line           RMSE     Bias     Scat      rho      p01      p16      p50      p84      p99    |r|>1
Hbeta         0.639    0.049    0.179    0.920   -1.468   -0.146    0.049    0.213    1.893   4.628%
Hgamma        0.753    0.059    0.356    0.741   -1.661   -0.343    0.059    0.369    2.303   8.451%
NII6584       0.468   -0.267    0.246    0.880   -1.092   -0.498   -0.267   -0.006    0.619   1.482%
SII671x       0.430   -0.090    0.203    0.894   -1.229   -0.303   -0.090    0.104    0.722   1.913%
SII6731       0.987   -0.077    0.234    0.874   -1.147   -0.290   -0.077    0.178    5.129   6.024%
OII3726       1.091    0.127    0.479    0.688   -1.238   -0.396    0.127    0.563    5.066   9.736%
OII3729       0.508   -0.014    0.431    0.692   -1.333   -0.514   -0.014    0.347    0.849   3.143%
OIII5007      0.662    0.233    0.595    0.616   -1.337   -0.417    0.233    0.774    1.505  10.249%

ALL LINES concatenated:
RMSE(dex):    0.7280435852588841
Bias(dex):    -0.017489614105762996
Scatter(dex): 0.37470205533721523
Spearman rho: 0.7835548266387856
Residual percentiles p01/p16/p50/p84/p99: -1.343554346162532 -0.3935335628929329 -0.017489614105762996 0.3558705477814976 2.4866542540749283
Frac |resid|>1 dex: 0.05703215517358887

Wrote metrics to: /oak/stanford/groups/cyaolai/AbbyHartley/gfc_NFs/nebular_emission_model/nf_eval_sdss_metrics_with_nll.csv
