Rows after IVAR>0 and all 9 lines > 0: 733630
LOG_LHA range: 23.127177685608427 43.55913175644332
LOGM_COLOR range: 8.266822814941406 13.093219757080078
Epoch   1  loss=8.04078
Epoch   2  loss=6.03440
Epoch   3  loss=4.80817
Epoch   4  loss=4.03085
Epoch   5  loss=3.55621
Epoch   6  loss=3.21731
Epoch   7  loss=2.95288
Epoch   8  loss=2.73517
Epoch   9  loss=2.55397
Epoch  10  loss=2.40875
Epoch  11  loss=2.28893
Epoch  12  loss=2.19250
Epoch  13  loss=2.11606
Epoch  14  loss=2.05342
Epoch  15  loss=2.00089
Epoch  16  loss=1.95776
Epoch  17  loss=1.92119
Epoch  18  loss=1.89045
Epoch  19  loss=1.86674
Epoch  20  loss=1.84348
Epoch  21  loss=1.82418
Epoch  22  loss=1.80585
Epoch  23  loss=1.78859
Epoch  24  loss=1.77642
Epoch  25  loss=1.76321
Epoch  26  loss=1.75159
Epoch  27  loss=1.73959
Epoch  28  loss=1.73004
Epoch  29  loss=1.71952
Epoch  30  loss=1.71119
Epoch  31  loss=1.70271
Epoch  32  loss=1.69462
Epoch  33  loss=1.68775
Epoch  34  loss=1.68065
Epoch  35  loss=1.67590
Epoch  36  loss=1.66817
Epoch  37  loss=1.66280
Epoch  38  loss=1.65756
Epoch  39  loss=1.65315
Epoch  40  loss=1.64756
Epoch  41  loss=1.64396
Epoch  42  loss=1.63970
Epoch  43  loss=1.63527
Epoch  44  loss=1.63057
Epoch  45  loss=1.62674
Epoch  46  loss=1.62324
Epoch  47  loss=1.61984
Epoch  48  loss=1.61674
Epoch  49  loss=1.61352
Epoch  50  loss=1.61072
Epoch  51  loss=1.60654
Epoch  52  loss=1.60351
Epoch  53  loss=1.59957
Epoch  54  loss=1.59670
Epoch  55  loss=1.59324
Epoch  56  loss=1.59034
Epoch  57  loss=1.58748
Epoch  58  loss=1.58449
Epoch  59  loss=1.58228
Epoch  60  loss=1.57828
Epoch  61  loss=1.57401
Epoch  62  loss=1.57287
Epoch  63  loss=1.56974
Epoch  64  loss=1.56878
Epoch  65  loss=1.56501
Epoch  66  loss=1.56313
Epoch  67  loss=1.56183
Epoch  68  loss=1.55938
Epoch  69  loss=1.55783
Epoch  70  loss=1.55379
Epoch  71  loss=1.55162
Epoch  72  loss=1.55174
Epoch  73  loss=1.54916
Epoch  74  loss=1.54668
Epoch  75  loss=1.54401
Epoch  76  loss=1.54322
Epoch  77  loss=1.54133
Epoch  78  loss=1.54013
Epoch  79  loss=1.53810
Epoch  80  loss=1.53447
Epoch  81  loss=1.53389
Epoch  82  loss=1.53256
Epoch  83  loss=1.52973
Epoch  84  loss=1.52748
Epoch  85  loss=1.52708
Epoch  86  loss=1.52511
Epoch  87  loss=1.52377
Epoch  88  loss=1.52297
Epoch  89  loss=1.52086
Epoch  90  loss=1.51822
Epoch  91  loss=1.51600
Epoch  92  loss=1.51589
Epoch  93  loss=1.51361
Epoch  94  loss=1.51144
Epoch  95  loss=1.50930
Epoch  96  loss=1.50821
Epoch  97  loss=1.50606
Epoch  98  loss=1.50470
Epoch  99  loss=1.50246
Epoch 100  loss=1.50086
Epoch 101  loss=1.50035
Epoch 102  loss=1.49879
Epoch 103  loss=1.49682
Epoch 104  loss=1.49516
Epoch 105  loss=1.49279
Epoch 106  loss=1.49101
Epoch 107  loss=1.49064
Epoch 108  loss=1.48771
Epoch 109  loss=1.48825
Epoch 110  loss=1.48639
Epoch 111  loss=1.48357
Epoch 112  loss=1.48277
Epoch 113  loss=1.48257
Epoch 114  loss=1.48020
Epoch 115  loss=1.47929
Epoch 116  loss=1.47942
Epoch 117  loss=1.47700
Epoch 118  loss=1.47556
Epoch 119  loss=1.47371
Epoch 120  loss=1.47230
Epoch 121  loss=1.47105
Epoch 122  loss=1.46991
Epoch 123  loss=1.46884
Epoch 124  loss=1.46797
Epoch 125  loss=1.46687
Epoch 126  loss=1.46529
Epoch 127  loss=1.46511
Epoch 128  loss=1.46328
Epoch 129  loss=1.46358
Epoch 130  loss=1.46265
Epoch 131  loss=1.46137
Epoch 132  loss=1.45868
Epoch 133  loss=1.45951
Epoch 134  loss=1.45671
Epoch 135  loss=1.45654
Epoch 136  loss=1.45578
Epoch 137  loss=1.45520
Epoch 138  loss=1.45312
Epoch 139  loss=1.45350
Epoch 140  loss=1.45183
Epoch 141  loss=1.45136
Epoch 142  loss=1.45108
Epoch 143  loss=1.45048
Epoch 144  loss=1.45013
Epoch 145  loss=1.44877
Epoch 146  loss=1.44812
Epoch 147  loss=1.44652
Epoch 148  loss=1.44524
Epoch 149  loss=1.44556
Epoch 150  loss=1.44500
Epoch 151  loss=1.44346
Epoch 152  loss=1.44395
Epoch 153  loss=1.44282
Epoch 154  loss=1.44235
Epoch 155  loss=1.44132
Epoch 156  loss=1.44066
Epoch 157  loss=1.43984
Epoch 158  loss=1.43926
Epoch 159  loss=1.43862
Epoch 160  loss=1.43832
Epoch 161  loss=1.43830
Epoch 162  loss=1.43659
Epoch 163  loss=1.43662
Epoch 164  loss=1.43656
Epoch 165  loss=1.43586
Epoch 166  loss=1.43526
Epoch 167  loss=1.43453
Epoch 168  loss=1.43366
Epoch 169  loss=1.43289
Epoch 170  loss=1.43301
Epoch 171  loss=1.43293
Epoch 172  loss=1.43034
Epoch 173  loss=1.43069
Epoch 174  loss=1.43039
Epoch 175  loss=1.42922
Epoch 176  loss=1.42958
Epoch 177  loss=1.42770
Epoch 178  loss=1.42843
Epoch 179  loss=1.42784
Epoch 180  loss=1.42568
Epoch 181  loss=1.42545
Epoch 182  loss=1.42547
Epoch 183  loss=1.42508
Epoch 184  loss=1.42567
Epoch 185  loss=1.42626
Epoch 186  loss=1.42404
Epoch 187  loss=1.42419
Epoch 188  loss=1.42347
Epoch 189  loss=1.42202
Epoch 190  loss=1.42240
Epoch 191  loss=1.42135
Epoch 192  loss=1.42125
Epoch 193  loss=1.42155
Epoch 194  loss=1.42091
Epoch 195  loss=1.41904
Epoch 196  loss=1.41967
Epoch 197  loss=1.42001
Epoch 198  loss=1.41911
Epoch 199  loss=1.41863
Epoch 200  loss=1.41807

================ QUICK SAMPLE CHECK ================
Sampled 3000 conditions.
LOG_LHA sampled range: 30.945405960083008 42.73769760131836
Hbeta    logL  min/16/50/84/max = 33.99  39.23  39.93  40.51  42.16
Hgamma   logL  min/16/50/84/max = 28.71  38.94  39.59  40.15  41.79
NII6584  logL  min/16/50/84/max = 37.51  39.72  40.30  40.87  42.20
SII6716  logL  min/16/50/84/max = 36.82  39.36  39.92  40.45  42.08
SII6731  logL  min/16/50/84/max = 29.52  39.11  39.77  40.33  41.90
OII3726  logL  min/16/50/84/max = 29.47  39.21  39.89  40.43  42.13
OII3729  logL  min/16/50/84/max = 37.43  39.55  40.04  40.56  42.45
OIII5007 logL  min/16/50/84/max = 35.64  39.21  39.77  40.40  43.17
====================================================

Saved flow to: /oak/stanford/groups/cyaolai/AbbyHartley/gfc_NFs/nebular_emission_model/nf_desi_bgs.eqx
Saved meta to: /oak/stanford/groups/cyaolai/AbbyHartley/gfc_NFs/nebular_emission_model/nf_desi_bgs_meta.pkl
