Flow expects conditioning cols: LOGM_COLOR LOG_LHA

=== Evaluating on SDSS ===
Catalog: /oak/stanford/groups/cyaolai/AbbyHartley/gfc_NFs/SDSS_main_training_data.fits
N after masks: 149913
Using n_mc = 50
NLL (bits/dim) on true ratios: 0.3696110536526403
Line           RMSE     Bias     Scat      rho      p01      p16      p50      p84      p99    |r|>1
Hbeta         0.189   -0.095    0.106    0.961   -0.462   -0.197   -0.095    0.016    0.439   0.179%
Hgamma        0.300   -0.148    0.206    0.855   -0.559   -0.307   -0.148    0.106    0.936   0.849%
NII6584       0.284    0.231    0.134    0.934   -0.180    0.089    0.231    0.356    0.678   0.261%
SII671x       0.223    0.061    0.139    0.916   -0.316   -0.052    0.061    0.225    0.742   0.512%
SII6731       0.303   -0.069    0.215    0.878   -0.871   -0.350   -0.069    0.081    0.548   0.744%
OII3726       0.393   -0.186    0.320    0.680   -0.866   -0.486   -0.186    0.154    0.918   1.104%
OII3729       0.423    0.206    0.320    0.667   -0.421   -0.110    0.206    0.530    1.307   2.515%
OIII5007      0.415    0.183    0.348    0.586   -0.873   -0.197    0.183    0.500    0.978   1.281%

ALL LINES concatenated:
RMSE(dex):    0.3266069904755459
Bias(dex):    0.00943339968244672
Scatter(dex): 0.276653546773353
Spearman rho: 0.7891225909282452
Residual percentiles p01/p16/p50/p84/p99: -0.7301845879948601 -0.2447511493722925 0.00943339968244672 0.3085559441744135 0.9260707310508407
Frac |resid|>1 dex: 0.009307898581177082

=== Evaluating on DESI ===
Catalog: /oak/stanford/groups/cyaolai/AbbyHartley/gfc_NFs/DESI_BGS_training_data.fits
N after masks: 733630
Using n_mc = 50
NLL (bits/dim) on true ratios: 0.2556357736750183
Line           RMSE     Bias     Scat      rho      p01      p16      p50      p84      p99    |r|>1
Hbeta         0.536   -0.029    0.183    0.916   -0.964   -0.232   -0.029    0.135    1.902   3.333%
Hgamma        0.651   -0.071    0.325    0.752   -1.121   -0.401   -0.071    0.249    2.313   6.122%
NII6584       0.236    0.009    0.168    0.936   -0.582   -0.177    0.009    0.159    0.619   0.447%
SII671x       0.276   -0.006    0.184    0.901   -0.653   -0.202   -0.006    0.167    0.839   0.749%
SII6731       0.947   -0.038    0.280    0.872   -1.320   -0.418   -0.038    0.142    4.926   7.075%
OII3726       1.038   -0.145    0.416    0.719   -1.420   -0.568   -0.145    0.263    4.887  10.511%
OII3729       0.325   -0.018    0.281    0.796   -0.712   -0.282   -0.018    0.280    0.893   0.845%
OIII5007      0.485    0.017    0.398    0.715   -1.274   -0.406    0.017    0.390    1.306   4.836%

ALL LINES concatenated:
RMSE(dex):    0.628395433738065
Bias(dex):    -0.028990583123206903
Scatter(dex): 0.277243398643805
Spearman rho: 0.8484851634131569
Residual percentiles p01/p16/p50/p84/p99: -1.1225466721130217 -0.33250420966155647 -0.028990583123206903 0.22198258762605344 2.38729783417362
Frac |resid|>1 dex: 0.042398756866540356

Wrote metrics to: /oak/stanford/groups/cyaolai/AbbyHartley/gfc_NFs/nebular_emission_model/nf_eval_metrics_with_nll.csv
