Rows after z+Hα+LOGM filtering: 206437
LOG_LHA range: 51.91567174727944 63.8757048742659
LOGM_COLOR range: 8.92076587677002 11.466015815734863
Epoch   1  loss=5.74940
Epoch   2  loss=4.66460
Epoch   3  loss=3.69646
Epoch   4  loss=2.81415
Epoch   5  loss=2.00000
Epoch   6  loss=1.24128
Epoch   7  loss=0.52901
Epoch   8  loss=-0.14434
Epoch   9  loss=-0.78480
Epoch  10  loss=-1.39757
Epoch  11  loss=-1.98716
Epoch  12  loss=-2.55695
Epoch  13  loss=-3.10958
Epoch  14  loss=-3.64748
Epoch  15  loss=-4.17151
Epoch  16  loss=-4.68355
Epoch  17  loss=-5.18547
Epoch  18  loss=-5.67757
Epoch  19  loss=-6.16129
Epoch  20  loss=-6.63696
Epoch  21  loss=-7.10564
Epoch  22  loss=-7.56830
Epoch  23  loss=-8.02493
Epoch  24  loss=-8.47572
Epoch  25  loss=-8.92198
Epoch  26  loss=-9.36330
Epoch  27  loss=-9.80170
Epoch  28  loss=-10.23555
Epoch  29  loss=-10.66542
Epoch  30  loss=-11.09156
Epoch  31  loss=-11.51221
Epoch  32  loss=-11.92949
Epoch  33  loss=-12.34245
Epoch  34  loss=-12.74913
Epoch  35  loss=-13.15435
Epoch  36  loss=-13.55394
Epoch  37  loss=-13.94914
Epoch  38  loss=-14.33670
Epoch  39  loss=-14.72501
Epoch  40  loss=-15.10434
Epoch  41  loss=-15.48051
Epoch  42  loss=-15.85268
Epoch  43  loss=-16.21765
Epoch  44  loss=-16.58671
Epoch  45  loss=-16.94637
Epoch  46  loss=-17.30195
Epoch  47  loss=-17.65167
Epoch  48  loss=-17.99531
Epoch  49  loss=-18.33344
Epoch  50  loss=-18.66220
Epoch  51  loss=-18.98379
Epoch  52  loss=-19.30127
Epoch  53  loss=-19.61238
Epoch  54  loss=-19.91314
Epoch  55  loss=-20.20592
Epoch  56  loss=-20.48732
Epoch  57  loss=-20.76144
Epoch  58  loss=-21.02773
Epoch  59  loss=-21.28434
Epoch  60  loss=-21.52497
Epoch  61  loss=-21.77320
Epoch  62  loss=-22.00747
Epoch  63  loss=-22.22125
Epoch  64  loss=-22.42656
Epoch  65  loss=-22.64233
Epoch  66  loss=-22.80101
Epoch  67  loss=-22.97675
Epoch  68  loss=-23.06404
Epoch  69  loss=-23.31822
Epoch  70  loss=-23.38945
Epoch  71  loss=-23.51583
Epoch  72  loss=-23.58348
Epoch  73  loss=-23.67713
Epoch  74  loss=-23.72039
Epoch  75  loss=-23.71734
Epoch  76  loss=-23.71050
Epoch  77  loss=-23.67321
Epoch  78  loss=-23.69381
Epoch  79  loss=-23.46922
Epoch  80  loss=-23.36922
Epoch  81  loss=-23.18746
Epoch  82  loss=-23.05051
Epoch  83  loss=-22.71193
Epoch  84  loss=-22.42771
Epoch  85  loss=-22.09844
Epoch  86  loss=-21.73399
Epoch  87  loss=-21.49422
Epoch  88  loss=-20.83335
Epoch  89  loss=-20.24834
Epoch  90  loss=-19.61224
Epoch  91  loss=-19.18886
Epoch  92  loss=-18.28277
Epoch  93  loss=-17.91396
Epoch  94  loss=-16.66333
Epoch  95  loss=-15.98907
Epoch  96  loss=-14.74614
Epoch  97  loss=-13.94620
Epoch  98  loss=-12.58439
Epoch  99  loss=-11.69038
Epoch 100  loss=-10.18359
Epoch 101  loss=-7.77892
Epoch 102  loss=-7.19148
Epoch 103  loss=-6.03934
Epoch 104  loss=-4.37780
Epoch 105  loss=-2.31624
Epoch 106  loss=-0.47895
Epoch 107  loss=1.31481
Epoch 108  loss=4.17923
Epoch 109  loss=5.98842
Epoch 110  loss=8.07431
Epoch 111  loss=10.09406
Epoch 112  loss=12.30320
Epoch 113  loss=15.62962
Epoch 114  loss=17.09542
Epoch 115  loss=20.44005
Epoch 116  loss=22.61878
Epoch 117  loss=25.20339
Epoch 118  loss=29.34642
Epoch 119  loss=32.82797
Epoch 120  loss=36.92593
Epoch 121  loss=39.76215
Epoch 122  loss=43.32884
Epoch 123  loss=47.32725
Epoch 124  loss=50.61336
Epoch 125  loss=57.49464
Epoch 126  loss=57.95588
Epoch 127  loss=60.93500
Epoch 128  loss=66.59319
Epoch 129  loss=72.47172
Epoch 130  loss=74.97106
Epoch 131  loss=79.74450
Epoch 132  loss=83.52386
Epoch 133  loss=88.38668
Epoch 134  loss=93.13133
Epoch 135  loss=101.28145
Epoch 136  loss=102.87429
Epoch 137  loss=107.03765
Epoch 138  loss=113.88181
Epoch 139  loss=118.84689
Epoch 140  loss=123.66432
Epoch 141  loss=129.00148
Epoch 142  loss=133.36156
Epoch 143  loss=140.46727
Epoch 144  loss=145.98990
Epoch 145  loss=154.05996
Epoch 146  loss=157.70512
Epoch 147  loss=161.21183
Epoch 148  loss=165.21941
Epoch 149  loss=174.52654
Epoch 150  loss=177.75326
Epoch 151  loss=188.48095
Epoch 152  loss=192.88833
Epoch 153  loss=198.55624
Epoch 154  loss=201.75047
Epoch 155  loss=209.80393
Epoch 156  loss=213.91906
Epoch 157  loss=226.79237
Epoch 158  loss=228.57509
Epoch 159  loss=234.40561
Epoch 160  loss=242.00263
Epoch 161  loss=245.68882
Epoch 162  loss=253.12950
Epoch 163  loss=255.91687
Epoch 164  loss=263.70969
Epoch 165  loss=271.72465
Epoch 166  loss=277.76586
Epoch 167  loss=280.00217
Epoch 168  loss=286.97230
Epoch 169  loss=291.32406
Epoch 170  loss=297.50788
Epoch 171  loss=302.93116
Epoch 172  loss=312.27976
Epoch 173  loss=314.19382
Epoch 174  loss=326.14135
Epoch 175  loss=329.12129
Epoch 176  loss=331.84812
Epoch 177  loss=338.31150
Epoch 178  loss=344.07442
Epoch 179  loss=350.60259
Epoch 180  loss=355.62489
Epoch 181  loss=359.12312
Epoch 182  loss=371.17035
Epoch 183  loss=377.90873
Epoch 184  loss=374.37037
Epoch 185  loss=379.60070
Epoch 186  loss=383.02534
Epoch 187  loss=389.00121
Epoch 188  loss=391.92472
Epoch 189  loss=394.75825
Epoch 190  loss=400.88528
Epoch 191  loss=404.36418
Epoch 192  loss=411.36290
Epoch 193  loss=415.85236
Epoch 194  loss=420.23925
Epoch 195  loss=420.62808
Epoch 196  loss=428.47244
Epoch 197  loss=429.34889
Epoch 198  loss=433.01025
Epoch 199  loss=434.54431
Epoch 200  loss=439.21798

================ QUICK SAMPLE CHECK ================
Sampled 3000 conditions.
LOG_LHA sampled range: 54.36616516113281 58.89859390258789
Hbeta        logL  min/16/50/84/max = -62.29  43.80  82.76  141.16  466.80
Hgamma       logL  min/16/50/84/max = -236.80  -21.96  71.06  169.44  554.93
NII6584      logL  min/16/50/84/max = 24.91  63.60  92.20  166.89  2231.10
SII6716/6717 logL  min/16/50/84/max = -2405984.75  -670131.46  -1487.54  671127.38  2296273.25
SII6731      logL  min/16/50/84/max = -6815475.00  -2044879.07  86470.92  2210863.76  6887273.00
OII3726      logL  min/16/50/84/max = -2689015.50  -682833.64  -5880.37  703786.96  2317097.00
OII3729      logL  min/16/50/84/max = -18811.80  -5469.72  173.59  5677.69  17513.53
OIII5007     logL  min/16/50/84/max = -844.32  -176.90  78.21  343.25  896.96
====================================================

Saved flow to: /oak/stanford/groups/cyaolai/AbbyHartley/gfc_NFs/nebular_emission_model/nf_sdss_main.eqx
Saved meta to: /oak/stanford/groups/cyaolai/AbbyHartley/gfc_NFs/nebular_emission_model/nf_sdss_main_meta.pkl
