Rows after requiring all 9 lines > 0: 149913
LOG_LHA range: 36.983539696880925 46.8757048742659
LOGM_COLOR range: 8.92076587677002 11.462371826171875
Epoch   1  loss=11.21042
Epoch   2  loss=10.54139
Epoch   3  loss=9.97796
Epoch   4  loss=9.48537
Epoch   5  loss=9.06457
Epoch   6  loss=8.69071
Epoch   7  loss=8.35808
Epoch   8  loss=8.07380
Epoch   9  loss=7.82020
Epoch  10  loss=7.59397
Epoch  11  loss=7.39828
Epoch  12  loss=7.22455
Epoch  13  loss=7.08358
Epoch  14  loss=6.96223
Epoch  15  loss=6.85443
Epoch  16  loss=6.76503
Epoch  17  loss=6.67988
Epoch  18  loss=6.60436
Epoch  19  loss=6.54147
Epoch  20  loss=6.48107
Epoch  21  loss=6.41836
Epoch  22  loss=6.36108
Epoch  23  loss=6.31336
Epoch  24  loss=6.26146
Epoch  25  loss=6.21615
Epoch  26  loss=6.17182
Epoch  27  loss=6.12916
Epoch  28  loss=6.09251
Epoch  29  loss=6.05797
Epoch  30  loss=6.01986
Epoch  31  loss=5.98789
Epoch  32  loss=5.95607
Epoch  33  loss=5.92157
Epoch  34  loss=5.89544
Epoch  35  loss=5.86798
Epoch  36  loss=5.84315
Epoch  37  loss=5.81567
Epoch  38  loss=5.79043
Epoch  39  loss=5.77020
Epoch  40  loss=5.73961
Epoch  41  loss=5.71229
Epoch  42  loss=5.68887
Epoch  43  loss=5.67595
Epoch  44  loss=5.65755
Epoch  45  loss=5.63420
Epoch  46  loss=5.61372
Epoch  47  loss=5.59854
Epoch  48  loss=5.58104
Epoch  49  loss=5.56204
Epoch  50  loss=5.54741
Epoch  51  loss=5.52862
Epoch  52  loss=5.51327
Epoch  53  loss=5.50283
Epoch  54  loss=5.49205
Epoch  55  loss=5.48063
Epoch  56  loss=5.46740
Epoch  57  loss=5.46061
Epoch  58  loss=5.44180
Epoch  59  loss=5.43116
Epoch  60  loss=5.42742
Epoch  61  loss=5.41525
Epoch  62  loss=5.40716
Epoch  63  loss=5.39508
Epoch  64  loss=5.39107
Epoch  65  loss=5.38051
Epoch  66  loss=5.37336
Epoch  67  loss=5.37052
Epoch  68  loss=5.36262
Epoch  69  loss=5.35848
Epoch  70  loss=5.35010
Epoch  71  loss=5.34517
Epoch  72  loss=5.33670
Epoch  73  loss=5.32838
Epoch  74  loss=5.31966
Epoch  75  loss=5.32025
Epoch  76  loss=5.31315
Epoch  77  loss=5.30982
Epoch  78  loss=5.30373
Epoch  79  loss=5.29527
Epoch  80  loss=5.29096
Epoch  81  loss=5.29322
Epoch  82  loss=5.28395
Epoch  83  loss=5.28078
Epoch  84  loss=5.27601
Epoch  85  loss=5.27021
Epoch  86  loss=5.26919
Epoch  87  loss=5.26759
Epoch  88  loss=5.26161
Epoch  89  loss=5.25853
Epoch  90  loss=5.26381
Epoch  91  loss=5.25301
Epoch  92  loss=5.25541
Epoch  93  loss=5.24338
Epoch  94  loss=5.24029
Epoch  95  loss=5.24017
Epoch  96  loss=5.23594
Epoch  97  loss=5.23468
Epoch  98  loss=5.22753
Epoch  99  loss=5.23242
Epoch 100  loss=5.22648
Epoch 101  loss=5.22189
Epoch 102  loss=5.22566
Epoch 103  loss=5.22187
Epoch 104  loss=5.21765
Epoch 105  loss=5.21382
Epoch 106  loss=5.21048
Epoch 107  loss=5.21186
Epoch 108  loss=5.21051
Epoch 109  loss=5.20799
Epoch 110  loss=5.21232
Epoch 111  loss=5.20806
Epoch 112  loss=5.20350
Epoch 113  loss=5.20092
Epoch 114  loss=5.20312
Epoch 115  loss=5.19725
Epoch 116  loss=5.19886
Epoch 117  loss=5.19220
Epoch 118  loss=5.19597
Epoch 119  loss=5.18770
Epoch 120  loss=5.18661
Epoch 121  loss=5.18602
Epoch 122  loss=5.18446
Epoch 123  loss=5.18198
Epoch 124  loss=5.18641
Epoch 125  loss=5.18644
Epoch 126  loss=5.18315
Epoch 127  loss=5.17729
Epoch 128  loss=5.18089
Epoch 129  loss=5.17910
Epoch 130  loss=5.17601
Epoch 131  loss=5.17050
Epoch 132  loss=5.17220
Epoch 133  loss=5.16967
Epoch 134  loss=5.16957
Epoch 135  loss=5.16230
Epoch 136  loss=5.16382
Epoch 137  loss=5.16667
Epoch 138  loss=5.17120
Epoch 139  loss=5.15818
Epoch 140  loss=5.16159
Epoch 141  loss=5.16364
Epoch 142  loss=5.16167
Epoch 143  loss=5.15991
Epoch 144  loss=5.16048
Epoch 145  loss=5.15956
Epoch 146  loss=5.15646
Epoch 147  loss=5.15662
Epoch 148  loss=5.15645
Epoch 149  loss=5.15562
Epoch 150  loss=5.15107
Epoch 151  loss=5.15383
Epoch 152  loss=5.15529
Epoch 153  loss=5.15300
Epoch 154  loss=5.14840
Epoch 155  loss=5.15321
Epoch 156  loss=5.14775
Epoch 157  loss=5.14982
Epoch 158  loss=5.14570
Epoch 159  loss=5.14238
Epoch 160  loss=5.14160
Epoch 161  loss=5.14240
Epoch 162  loss=5.14339
Epoch 163  loss=5.14738
Epoch 164  loss=5.14607
Epoch 165  loss=5.13686
Epoch 166  loss=5.14052
Epoch 167  loss=5.13849
Epoch 168  loss=5.14093
Epoch 169  loss=5.13947
Epoch 170  loss=5.13828
Epoch 171  loss=5.13175
Epoch 172  loss=5.13649
Epoch 173  loss=5.13060
Epoch 174  loss=5.13032
Epoch 175  loss=5.12963
Epoch 176  loss=5.13379
Epoch 177  loss=5.12615
Epoch 178  loss=5.13071
Epoch 179  loss=5.12803
Epoch 180  loss=5.13012
Epoch 181  loss=5.12445
Epoch 182  loss=5.12730
Epoch 183  loss=5.12562
Epoch 184  loss=5.12842
Epoch 185  loss=5.12204
Epoch 186  loss=5.12061
Epoch 187  loss=5.12380
Epoch 188  loss=5.12134
Epoch 189  loss=5.11812
Epoch 190  loss=5.12092
Epoch 191  loss=5.12114
Epoch 192  loss=5.11606
Epoch 193  loss=5.12473
Epoch 194  loss=5.11734
Epoch 195  loss=5.12360
Epoch 196  loss=5.12062
Epoch 197  loss=5.11580
Epoch 198  loss=5.11358
Epoch 199  loss=5.11432
Epoch 200  loss=5.11836

================ QUICK SAMPLE CHECK ================
Sampled 3000 conditions.
LOG_LHA sampled range: 38.761478424072266 45.80329513549805
Hbeta    logL  min/16/50/84/max = 37.85  39.17  39.65  40.09  45.05
Hgamma   logL  min/16/50/84/max = 36.83  38.83  39.29  39.73  44.90
NII6584  logL  min/16/50/84/max = 38.18  39.49  39.88  40.32  43.64
SII6717  logL  min/16/50/84/max = 37.29  39.20  39.60  39.99  44.02
SII6731  logL  min/16/50/84/max = 37.69  39.02  39.45  39.86  44.62
OII3726  logL  min/16/50/84/max = 36.59  39.10  39.56  39.99  45.48
OII3729  logL  min/16/50/84/max = 37.11  39.19  39.61  40.04  44.72
OIII5007 logL  min/16/50/84/max = 37.90  39.01  39.39  39.85  47.82
====================================================

Saved flow to: /oak/stanford/groups/cyaolai/AbbyHartley/gfc_NFs/nebular_emission_model/nf_sdss_main.eqx
Saved meta to: /oak/stanford/groups/cyaolai/AbbyHartley/gfc_NFs/nebular_emission_model/nf_sdss_main_meta.pkl
